<?xml version="1.0" encoding="UTF-8"?>
<testsuite xmlns:xsi="http://www.w3.org/2001/XMLSchema-instance" xsi:noNamespaceSchemaLocation="https://maven.apache.org/surefire/maven-surefire-plugin/xsd/surefire-test-report-3.0.xsd" version="3.0" name="com.msa.loans.LoansApplicationTests" time="7.2" tests="1" errors="0" skipped="0" failures="0">
  <properties>
[...]
</properties>
  <testcase name="contextLoads" classname="com.msa.loans.LoansApplicationTests" time="0.39">
    <system-out><![CDATA[11:14:00.504 [main] INFO org.springframework.test.context.support.AnnotationConfigContextLoaderUtils -- Could not detect default configuration classes for test class [com.msa.loans.LoansApplicationTests]: LoansApplicationTests does not declare any static, non-private, non-final, nested classes annotated with @Configuration.
11:14:00.636 [main] INFO org.springframework.boot.test.context.SpringBootTestContextBootstrapper -- Found @SpringBootConfiguration com.msa.loans.LoansApplication for test class com.msa.loans.LoansApplicationTests
11:14:00.831 [main] INFO org.springframework.boot.devtools.restart.RestartApplicationListener -- Restart disabled due to context in which it is running

  .   ____          _            __ _ _
 /\\ / ___'_ __ _ _(_)_ __  __ _ \ \ \ \
( ( )\___ | '_ | '_| | '_ \/ _` | \ \ \ \
 \\/  ___)| |_)| | | | | || (_| |  ) ) ) )
  '  |____| .__|_| |_|_| |_\__, | / / / /
 =========|_|==============|___/=/_/_/_/

 :: Spring Boot ::                (v3.3.7)

2025-02-14T11:14:02.682+09:00  INFO 27880 --- [loans] [           main] com.msa.loans.LoansApplicationTests      : Starting LoansApplicationTests using Java 23.0.1 with PID 27880 (started by cater in D:\study\accounts\loans)
2025-02-14T11:14:02.683+09:00  INFO 27880 --- [loans] [           main] com.msa.loans.LoansApplicationTests      : The following 1 profile is active: "prod"
2025-02-14T11:14:02.725+09:00  INFO 27880 --- [loans] [           main] o.s.c.c.c.ConfigServerConfigDataLoader   : Fetching config from server at : http://localhost:8071/
2025-02-14T11:14:02.725+09:00  INFO 27880 --- [loans] [           main] o.s.c.c.c.ConfigServerConfigDataLoader   : Located environment: name=loans, profiles=[default], label=null, version=a25d84e4df25adb9528dc2295156720688999308, state=null
2025-02-14T11:14:02.726+09:00  INFO 27880 --- [loans] [           main] o.s.c.c.c.ConfigServerConfigDataLoader   : Fetching config from server at : http://localhost:8071/
2025-02-14T11:14:02.726+09:00  INFO 27880 --- [loans] [           main] o.s.c.c.c.ConfigServerConfigDataLoader   : Located environment: name=loans, profiles=[prod], label=null, version=a25d84e4df25adb9528dc2295156720688999308, state=null
2025-02-14T11:14:03.495+09:00  INFO 27880 --- [loans] [           main] .s.d.r.c.RepositoryConfigurationDelegate : Bootstrapping Spring Data JPA repositories in DEFAULT mode.
2025-02-14T11:14:03.558+09:00  INFO 27880 --- [loans] [           main] .s.d.r.c.RepositoryConfigurationDelegate : Finished Spring Data repository scanning in 55 ms. Found 1 JPA repository interface.
2025-02-14T11:14:03.720+09:00  INFO 27880 --- [loans] [           main] o.s.cloud.context.scope.GenericScope     : BeanFactory id=d04adb11-f4ce-3ffc-a0eb-efb592460ba6
2025-02-14T11:14:04.135+09:00  INFO 27880 --- [loans] [           main] com.zaxxer.hikari.HikariDataSource       : HikariPool-1 - Starting...
2025-02-14T11:14:04.450+09:00  INFO 27880 --- [loans] [           main] com.zaxxer.hikari.pool.HikariPool        : HikariPool-1 - Added connection com.mysql.cj.jdbc.ConnectionImpl@3664c596
2025-02-14T11:14:04.451+09:00  INFO 27880 --- [loans] [           main] com.zaxxer.hikari.HikariDataSource       : HikariPool-1 - Start completed.
2025-02-14T11:14:04.610+09:00  INFO 27880 --- [loans] [           main] o.hibernate.jpa.internal.util.LogHelper  : HHH000204: Processing PersistenceUnitInfo [name: default]
2025-02-14T11:14:04.681+09:00  INFO 27880 --- [loans] [           main] org.hibernate.Version                    : HHH000412: Hibernate ORM core version 6.5.3.Final
2025-02-14T11:14:04.727+09:00  INFO 27880 --- [loans] [           main] o.h.c.internal.RegionFactoryInitiator    : HHH000026: Second-level cache disabled
2025-02-14T11:14:04.987+09:00  INFO 27880 --- [loans] [           main] o.s.o.j.p.SpringPersistenceUnitInfo      : No LoadTimeWeaver setup: ignoring JPA class transformer
2025-02-14T11:14:05.670+09:00  INFO 27880 --- [loans] [           main] o.h.e.t.j.p.i.JtaPlatformInitiator       : HHH000489: No JTA platform available (set 'hibernate.transaction.jta.platform' to enable JTA platform integration)
2025-02-14T11:14:05.672+09:00  INFO 27880 --- [loans] [           main] j.LocalContainerEntityManagerFactoryBean : Initialized JPA EntityManagerFactory for persistence unit 'default'
2025-02-14T11:14:06.230+09:00  WARN 27880 --- [loans] [           main] JpaBaseConfiguration$JpaWebConfiguration : spring.jpa.open-in-view is enabled by default. Therefore, database queries may be performed during view rendering. Explicitly configure spring.jpa.open-in-view to disable this warning
2025-02-14T11:14:07.013+09:00  INFO 27880 --- [loans] [           main] o.s.b.a.e.web.EndpointLinksResolver      : Exposing 16 endpoints beneath base path '/actuator'
2025-02-14T11:14:07.079+09:00  INFO 27880 --- [loans] [           main] com.msa.loans.LoansApplicationTests      : Started LoansApplicationTests in 6.274 seconds (process running for 7.295)
]]></system-out>
    <system-err><![CDATA[WARNING: A Java agent has been loaded dynamically (C:\Users\cater\.m2\repository\net\bytebuddy\byte-buddy-agent\1.14.19\byte-buddy-agent-1.14.19.jar)
WARNING: If a serviceability tool is in use, please run with -XX:+EnableDynamicAgentLoading to hide this warning
WARNING: If a serviceability tool is not in use, please run with -Djdk.instrument.traceUsage for more information
WARNING: Dynamic loading of agents will be disallowed by default in a future release
]]></system-err>
  </testcase>
</testsuite>